<?xml version="1.0" encoding="UTF-8"?>
<!-- Generated by org.testng.reporters.JUnitReportReporter -->
<testsuite hostname="YOGI" name="com.practice.TestNGSample" tests="1" failures="0" timestamp="7 Jun 2018 09:01:51 GMT" time="27.932" errors="0">
  <testcase name="sample" time="27.932" classname="com.practice.TestNGSample"/>
</testsuite> <!-- com.practice.TestNGSample -->
