<?xml version="1.0" encoding="UTF-8"?>
<!-- Generated by org.testng.reporters.JUnitReportReporter -->
<testsuite hostname="YOGI" name="com.webdriver.Eassignments_Exe1" tests="1" failures="0" timestamp="6 Jun 2018 06:26:02 GMT" time="11.985" errors="0">
  <testcase name="Employer_Log" time="11.985" classname="com.webdriver.Eassignments_Exe1"/>
</testsuite> <!-- com.webdriver.Eassignments_Exe1 -->
