<?xml version="1.0" encoding="UTF-8"?>
<!-- Generated by org.testng.reporters.JUnitReportReporter -->
<testsuite hostname="YOGI" name="com.webdriver.MainTestng" tests="1" failures="0" timestamp="6 Jun 2018 04:56:54 GMT" time="6.964" errors="0">
  <testcase name="Employer_Login" time="6.964" classname="com.webdriver.MainTestng"/>
</testsuite> <!-- com.webdriver.MainTestng -->
