<?xml version="1.0" encoding="UTF-8"?>
<!-- Generated by org.testng.reporters.JUnitReportReporter -->
<testsuite hostname="YOGI" name="com.practice.AnotationExe" tests="1" failures="0" timestamp="30 May 2018 15:51:42 GMT" time="0.041" errors="0">
  <testcase name="tc_001" time="0.041" classname="com.practice.AnotationExe"/>
</testsuite> <!-- com.practice.AnotationExe -->
