<?xml version="1.0" encoding="UTF-8"?>
<!-- Generated by org.testng.reporters.JUnitReportReporter -->
<testsuite hostname="YOGI" name="com.practice.ReadExacel" tests="3" failures="0" timestamp="4 Jun 2018 10:07:32 GMT" time="333.819" errors="0">
  <testcase name="Login" time="31.931" classname="com.practice.ReadExacel"/>
  <testcase name="Login" time="268.836" classname="com.practice.ReadExacel"/>
  <testcase name="Login" time="33.052" classname="com.practice.ReadExacel"/>
</testsuite> <!-- com.practice.ReadExacel -->
